[0m16:19:08.513740 [debug] [MainThread]: Sending event: {'category': 'dbt', 'action': 'invocation', 'label': 'start', 'context': [<snowplow_tracker.self_describing_json.SelfDescribingJson object at 0x0000025D50173380>, <snowplow_tracker.self_describing_json.SelfDescribingJson object at 0x0000025D51343C50>, <snowplow_tracker.self_describing_json.SelfDescribingJson object at 0x0000025D51343890>]}


============================== 16:19:08.519583 | e2230ddc-67a6-4a79-87ef-6cfa24c268d0 ==============================
[0m16:19:08.519583 [info ] [MainThread]: Running with dbt=1.10.3
[0m16:19:08.520416 [debug] [MainThread]: running dbt with arguments {'printer_width': '80', 'indirect_selection': 'eager', 'write_json': 'True', 'log_cache_events': 'False', 'partial_parse': 'True', 'cache_selected_only': 'False', 'profiles_dir': 'C:\\Users\\kanoj\\.dbt', 'version_check': 'True', 'warn_error': 'None', 'log_path': 'logs', 'fail_fast': 'False', 'debug': 'False', 'use_colors': 'True', 'use_experimental_parser': 'False', 'no_print': 'None', 'quiet': 'False', 'empty': 'None', 'warn_error_options': 'WarnErrorOptionsV2(error=[], warn=[], silence=[])', 'introspect': 'True', 'log_format': 'default', 'invocation_command': 'dbt init netflix', 'target_path': 'None', 'static_parser': 'True', 'send_anonymous_usage_stats': 'True'}
[0m16:19:08.551283 [debug] [MainThread]: Starter project path: C:\Users\kanoj\Documents\Netflix_project\venv\Lib\site-packages\dbt\include\starter_project
[0m16:19:08.583569 [info ] [MainThread]: 
Your new dbt project "netflix" was created!

For more information on how to configure the profiles.yml file,
please consult the dbt documentation here:

  https://docs.getdbt.com/docs/configure-your-profile

One more thing:

Need help? Don't hesitate to reach out to us via GitHub issues or on Slack:

  https://community.getdbt.com/

Happy modeling!

[0m16:19:08.585800 [info ] [MainThread]: Setting up your profile.
[0m16:21:43.970626 [error] [MainThread]: Encountered an error:

[0m16:21:43.978189 [error] [MainThread]: Traceback (most recent call last):
  File "C:\Users\kanoj\Documents\Netflix_project\venv\Lib\site-packages\dbt\cli\requires.py", line 161, in wrapper
    result, success = func(*args, **kwargs)
                      ~~~~^^^^^^^^^^^^^^^^^
  File "C:\Users\kanoj\Documents\Netflix_project\venv\Lib\site-packages\dbt\cli\requires.py", line 111, in wrapper
    return func(*args, **kwargs)
  File "C:\Users\kanoj\Documents\Netflix_project\venv\Lib\site-packages\dbt\cli\main.py", line 483, in init
    results = task.run()
  File "C:\Users\kanoj\Documents\Netflix_project\venv\Lib\site-packages\dbt\task\init.py", line 346, in run
    self.setup_profile(profile_name)
    ~~~~~~~~~~~~~~~~~~^^^^^^^^^^^^^^
  File "C:\Users\kanoj\Documents\Netflix_project\venv\Lib\site-packages\dbt\task\init.py", line 262, in setup_profile
    self.create_profile_from_target(adapter, profile_name=profile_name)
    ~~~~~~~~~~~~~~~~~~~~~~~~~~~~~~~^^^^^^^^^^^^^^^^^^^^^^^^^^^^^^^^^^^^
  File "C:\Users\kanoj\Documents\Netflix_project\venv\Lib\site-packages\dbt\task\init.py", line 179, in create_profile_from_target
    self.create_profile_from_profile_template(profile_template, profile_name)
    ~~~~~~~~~~~~~~~~~~~~~~~~~~~~~~~~~~~~~~~~~^^^^^^^^^^^^^^^^^^^^^^^^^^^^^^^^
  File "C:\Users\kanoj\Documents\Netflix_project\venv\Lib\site-packages\dbt\task\init.py", line 163, in create_profile_from_profile_template
    target = self.generate_target_from_input(prompts, initial_target)
  File "C:\Users\kanoj\Documents\Netflix_project\venv\Lib\site-packages\dbt\task\init.py", line 129, in generate_target_from_input
    target[key] = click.prompt(
                  ~~~~~~~~~~~~^
        text, default=default, hide_input=hide_input, type=type
        ^^^^^^^^^^^^^^^^^^^^^^^^^^^^^^^^^^^^^^^^^^^^^^^^^^^^^^^
    )
    ^
  File "C:\Users\kanoj\Documents\Netflix_project\venv\Lib\site-packages\click\termui.py", line 168, in prompt
    value = prompt_func(prompt)
  File "C:\Users\kanoj\Documents\Netflix_project\venv\Lib\site-packages\click\termui.py", line 151, in prompt_func
    raise Abort() from None
click.exceptions.Abort

[0m16:21:43.986541 [debug] [MainThread]: Command `dbt init` failed at 16:21:43.985038 after 155.67 seconds
[0m16:21:43.987113 [debug] [MainThread]: Sending event: {'category': 'dbt', 'action': 'invocation', 'label': 'end', 'context': [<snowplow_tracker.self_describing_json.SelfDescribingJson object at 0x0000025D5327DE00>, <snowplow_tracker.self_describing_json.SelfDescribingJson object at 0x0000025D5263C5F0>, <snowplow_tracker.self_describing_json.SelfDescribingJson object at 0x0000025D5326D370>]}
[0m16:21:43.987882 [debug] [MainThread]: Flushing usage events
[0m16:21:44.861625 [debug] [MainThread]: An error was encountered while trying to flush usage events
[0m16:21:50.122732 [debug] [MainThread]: Sending event: {'category': 'dbt', 'action': 'invocation', 'label': 'start', 'context': [<snowplow_tracker.self_describing_json.SelfDescribingJson object at 0x0000018B2A917380>, <snowplow_tracker.self_describing_json.SelfDescribingJson object at 0x0000018B2BAE3C50>, <snowplow_tracker.self_describing_json.SelfDescribingJson object at 0x0000018B2BAE3890>]}


============================== 16:21:50.128337 | 526c7623-dc51-403e-a6ed-725b9437fcad ==============================
[0m16:21:50.128337 [info ] [MainThread]: Running with dbt=1.10.3
[0m16:21:50.129334 [debug] [MainThread]: running dbt with arguments {'printer_width': '80', 'indirect_selection': 'eager', 'write_json': 'True', 'log_cache_events': 'False', 'partial_parse': 'True', 'cache_selected_only': 'False', 'profiles_dir': 'C:\\Users\\kanoj\\.dbt', 'fail_fast': 'False', 'warn_error': 'None', 'log_path': 'logs', 'version_check': 'True', 'debug': 'False', 'use_colors': 'True', 'use_experimental_parser': 'False', 'no_print': 'None', 'quiet': 'False', 'empty': 'None', 'warn_error_options': 'WarnErrorOptionsV2(error=[], warn=[], silence=[])', 'introspect': 'True', 'invocation_command': 'dbt init netflix', 'static_parser': 'True', 'target_path': 'None', 'log_format': 'default', 'send_anonymous_usage_stats': 'True'}
[0m16:21:50.158505 [info ] [MainThread]: A project called netflix already exists here.
[0m16:21:50.159954 [debug] [MainThread]: Command `dbt init` succeeded at 16:21:50.159779 after 0.24 seconds
[0m16:21:50.160652 [debug] [MainThread]: Sending event: {'category': 'dbt', 'action': 'invocation', 'label': 'end', 'context': [<snowplow_tracker.self_describing_json.SelfDescribingJson object at 0x0000018B2CB48E90>, <snowplow_tracker.self_describing_json.SelfDescribingJson object at 0x0000018B2CB7C4D0>, <snowplow_tracker.self_describing_json.SelfDescribingJson object at 0x0000018B2B981260>]}
[0m16:21:50.161242 [debug] [MainThread]: Flushing usage events
[0m16:21:51.005884 [debug] [MainThread]: An error was encountered while trying to flush usage events
[0m16:24:42.094058 [debug] [MainThread]: Sending event: {'category': 'dbt', 'action': 'invocation', 'label': 'start', 'context': [<snowplow_tracker.self_describing_json.SelfDescribingJson object at 0x0000018135397380>, <snowplow_tracker.self_describing_json.SelfDescribingJson object at 0x0000018136567C50>, <snowplow_tracker.self_describing_json.SelfDescribingJson object at 0x0000018136567890>]}


============================== 16:24:42.100875 | efa49ae9-13e1-454f-805f-48c66c1cd5a5 ==============================
[0m16:24:42.100875 [info ] [MainThread]: Running with dbt=1.10.3
[0m16:24:42.101739 [debug] [MainThread]: running dbt with arguments {'printer_width': '80', 'indirect_selection': 'eager', 'write_json': 'True', 'log_cache_events': 'False', 'partial_parse': 'True', 'cache_selected_only': 'False', 'warn_error': 'None', 'version_check': 'True', 'fail_fast': 'False', 'log_path': 'logs', 'profiles_dir': 'C:\\Users\\kanoj\\.dbt', 'debug': 'False', 'use_colors': 'True', 'use_experimental_parser': 'False', 'empty': 'None', 'quiet': 'False', 'no_print': 'None', 'log_format': 'default', 'static_parser': 'True', 'introspect': 'True', 'invocation_command': 'dbt init netflix', 'target_path': 'None', 'warn_error_options': 'WarnErrorOptionsV2(error=[], warn=[], silence=[])', 'send_anonymous_usage_stats': 'True'}
[0m16:24:42.131667 [debug] [MainThread]: Starter project path: C:\Users\kanoj\Documents\Netflix_project\venv\Lib\site-packages\dbt\include\starter_project
[0m16:24:42.150824 [info ] [MainThread]: 
Your new dbt project "netflix" was created!

For more information on how to configure the profiles.yml file,
please consult the dbt documentation here:

  https://docs.getdbt.com/docs/configure-your-profile

One more thing:

Need help? Don't hesitate to reach out to us via GitHub issues or on Slack:

  https://community.getdbt.com/

Happy modeling!

[0m16:24:42.152817 [info ] [MainThread]: Setting up your profile.
[0m16:26:09.082545 [info ] [MainThread]: Profile netflix written to C:\Users\kanoj\.dbt\profiles.yml using target's profile_template.yml and your supplied values. Run 'dbt debug' to validate the connection.
[0m16:26:09.084511 [debug] [MainThread]: Command `dbt init` succeeded at 16:26:09.084313 after 87.23 seconds
[0m16:26:09.085053 [debug] [MainThread]: Sending event: {'category': 'dbt', 'action': 'invocation', 'label': 'end', 'context': [<snowplow_tracker.self_describing_json.SelfDescribingJson object at 0x00000181384CE060>, <snowplow_tracker.self_describing_json.SelfDescribingJson object at 0x000001813789C710>, <snowplow_tracker.self_describing_json.SelfDescribingJson object at 0x00000181384BCAF0>]}
[0m16:26:09.085581 [debug] [MainThread]: Flushing usage events
[0m16:26:09.950135 [debug] [MainThread]: An error was encountered while trying to flush usage events
[0m17:34:54.383351 [debug] [MainThread]: Sending event: {'category': 'dbt', 'action': 'invocation', 'label': 'start', 'context': [<snowplow_tracker.self_describing_json.SelfDescribingJson object at 0x000002077C837380>, <snowplow_tracker.self_describing_json.SelfDescribingJson object at 0x000002077DA0F890>, <snowplow_tracker.self_describing_json.SelfDescribingJson object at 0x000002077DA0F750>]}


============================== 17:34:54.392405 | c2cd74f6-e9e4-46a3-9a59-642bb6e90d18 ==============================
[0m17:34:54.392405 [info ] [MainThread]: Running with dbt=1.10.3
[0m17:34:54.393351 [debug] [MainThread]: running dbt with arguments {'printer_width': '80', 'indirect_selection': 'eager', 'write_json': 'True', 'log_cache_events': 'False', 'partial_parse': 'True', 'cache_selected_only': 'False', 'profiles_dir': 'C:\\Users\\kanoj\\.dbt', 'version_check': 'True', 'warn_error': 'None', 'log_path': 'logs', 'fail_fast': 'False', 'debug': 'False', 'use_colors': 'True', 'use_experimental_parser': 'False', 'empty': 'False', 'quiet': 'False', 'no_print': 'None', 'warn_error_options': 'WarnErrorOptionsV2(error=[], warn=[], silence=[])', 'invocation_command': 'dbt run', 'log_format': 'default', 'introspect': 'True', 'target_path': 'None', 'static_parser': 'True', 'send_anonymous_usage_stats': 'True'}
[0m17:34:54.393965 [error] [MainThread]: Encountered an error:
Runtime Error
  No dbt_project.yml found at expected path C:\Users\kanoj\Documents\Netflix_project\dbt_project.yml
  Verify that each entry within packages.yml (and their transitive dependencies) contains a file named dbt_project.yml
  
[0m17:34:54.395970 [debug] [MainThread]: Command `dbt run` failed at 17:34:54.395130 after 0.25 seconds
[0m17:34:54.396410 [debug] [MainThread]: Sending event: {'category': 'dbt', 'action': 'invocation', 'label': 'end', 'context': [<snowplow_tracker.self_describing_json.SelfDescribingJson object at 0x000002077D8A7A80>, <snowplow_tracker.self_describing_json.SelfDescribingJson object at 0x000002077EA2C830>, <snowplow_tracker.self_describing_json.SelfDescribingJson object at 0x000002077D8A18C0>]}
[0m17:34:54.396839 [debug] [MainThread]: Flushing usage events
[0m17:34:55.330755 [debug] [MainThread]: An error was encountered while trying to flush usage events
